<?xml version="1.0" encoding="UTF-8"?>
<!-- Generated by org.testng.reporters.JUnitXMLReporter -->
<testsuite hostname="Akhil-Bingi-Macbook.local" ignored="0" name="Test" tests="6" failures="4" timestamp="2021-04-05T14:49:40 EDT" time="31.716" errors="0">
  <testcase name="invokingRegistrationPage" time="5.317" classname="E2EProjectCopy.CalendarAppCopy.regPageValidation">
    <failure type="java.lang.AssertionError" message="The test case failed as the user could not be able to register expected [true] but found [false]">
      <![CDATA[java.lang.AssertionError: The test case failed as the user could not be able to register expected [true] but found [false]
at E2EProjectCopy.CalendarAppCopy.regPageValidation.invokingRegistrationPage(regPageValidation.java:69)
at java.util.ArrayList.forEach(ArrayList.java:1249)
... Removed 34 stack frames]]>
    </failure>
  </testcase> <!-- invokingRegistrationPage -->
  <testcase name="invokingRegistrationPage" time="3.563" classname="E2EProjectCopy.CalendarAppCopy.regPageValidation">
    <failure type="java.lang.AssertionError" message="The test case failed as the user could not be able to register expected [true] but found [false]">
      <![CDATA[java.lang.AssertionError: The test case failed as the user could not be able to register expected [true] but found [false]
at E2EProjectCopy.CalendarAppCopy.regPageValidation.invokingRegistrationPage(regPageValidation.java:69)
at java.util.ArrayList.forEach(ArrayList.java:1249)
... Removed 34 stack frames]]>
    </failure>
  </testcase> <!-- invokingRegistrationPage -->
  <testcase name="invokingRegistrationPage" time="3.408" classname="E2EProjectCopy.CalendarAppCopy.regPageValidation">
    <failure type="java.lang.AssertionError" message="The test case failed as the user could not be able to register expected [true] but found [false]">
      <![CDATA[java.lang.AssertionError: The test case failed as the user could not be able to register expected [true] but found [false]
at E2EProjectCopy.CalendarAppCopy.regPageValidation.invokingRegistrationPage(regPageValidation.java:69)
at java.util.ArrayList.forEach(ArrayList.java:1249)
... Removed 34 stack frames]]>
    </failure>
  </testcase> <!-- invokingRegistrationPage -->
  <testcase name="invokingRegistrationPage" time="3.268" classname="E2EProjectCopy.CalendarAppCopy.regPageValidation">
    <failure type="java.lang.AssertionError" message="The test case failed as the user could not be able to register expected [true] but found [false]">
      <![CDATA[java.lang.AssertionError: The test case failed as the user could not be able to register expected [true] but found [false]
at E2EProjectCopy.CalendarAppCopy.regPageValidation.invokingRegistrationPage(regPageValidation.java:69)
at java.util.ArrayList.forEach(ArrayList.java:1249)
... Removed 34 stack frames]]>
    </failure>
  </testcase> <!-- invokingRegistrationPage -->
  <testcase name="invokingLoginPage" time="6.738" classname="E2EProjectCopy.CalendarAppCopy.LoginValidation"/>
  <testcase name="invokingLoginPage" time="5.836" classname="E2EProjectCopy.CalendarAppCopy.LoginValidation"/>
</testsuite> <!-- Test -->
