-------------------------------------------------------------------------------
Test set: TestSuite
-------------------------------------------------------------------------------
Tests run: 11, Failures: 10, Errors: 0, Skipped: 0, Time elapsed: 61.498 s <<< FAILURE! - in TestSuite
E2EProjectCopy.CalendarAppCopy.regPageValidation.invokingRegistrationPage[akhilbingi@gmail.com, akhil bingi, akhilbingi3213121, Matrix@321456, https://www.google.com/](1)  Time elapsed: 7.809 s  <<< FAILURE!
java.lang.AssertionError: The test case failed as the user could not be able to register expected [true] but found [false]
	at E2EProjectCopy.CalendarAppCopy.regPageValidation.invokingRegistrationPage(regPageValidation.java:73)

E2EProjectCopy.CalendarAppCopy.regPageValidation.invokingRegistrationPage[akhilbingi64@gmail.com, bingi64, akhilbingi6423444232, Matrix@32164, https://www.google.com/](2)  Time elapsed: 3.493 s  <<< FAILURE!
java.lang.AssertionError: The test case failed as the user could not be able to register expected [true] but found [false]
	at E2EProjectCopy.CalendarAppCopy.regPageValidation.invokingRegistrationPage(regPageValidation.java:73)

E2EProjectCopy.CalendarAppCopy.regPageValidation.invokingRegistrationPage[akhilbingi123231@gmai.com, akhilbiingi, akhilbingi324455343, Matrix@321456, https://www.google.com/](3)  Time elapsed: 3.653 s  <<< FAILURE!
java.lang.AssertionError: The test case failed as the user could not be able to register expected [true] but found [false]
	at E2EProjectCopy.CalendarAppCopy.regPageValidation.invokingRegistrationPage(regPageValidation.java:73)

E2EProjectCopy.CalendarAppCopy.regPageValidation.invokingRegistrationPage[akhilbingi@gmail.com, akhil bingi, akhilbingi321566454, Matrix@321456, https://www.google.com/](4)  Time elapsed: 3.233 s  <<< FAILURE!
java.lang.AssertionError: The test case failed as the user could not be able to register expected [true] but found [false]
	at E2EProjectCopy.CalendarAppCopy.regPageValidation.invokingRegistrationPage(regPageValidation.java:73)

E2EProjectCopy.CalendarAppCopy.regPageValidation.invokingRegistrationPage[akhilbingi@gmail.com, "", akhilbingi3212777565, Matrix@321456, https://www.google.com/](5)  Time elapsed: 3.532 s  <<< FAILURE!
java.lang.AssertionError: The test case failed as the user could not be able to register expected [true] but found [false]
	at E2EProjectCopy.CalendarAppCopy.regPageValidation.invokingRegistrationPage(regPageValidation.java:73)

E2EProjectCopy.CalendarAppCopy.regPageValidation.invokingRegistrationPage[akhilbingi@gmail.com, aka, nffmf8867, Matrix@321456, https://www.google.com/](6)  Time elapsed: 3.849 s  <<< FAILURE!
java.lang.AssertionError: The test case failed as the user could not be able to register expected [true] but found [false]
	at E2EProjectCopy.CalendarAppCopy.regPageValidation.invokingRegistrationPage(regPageValidation.java:73)

E2EProjectCopy.CalendarAppCopy.regPageValidation.invokingRegistrationPage[akhilbingi@gmail.com, akab, akhilhdiw59978, "", https://www.google.com/](7)  Time elapsed: 4.291 s  <<< FAILURE!
java.lang.AssertionError: The test case failed as the user could not be able to register expected [true] but found [false]
	at E2EProjectCopy.CalendarAppCopy.regPageValidation.invokingRegistrationPage(regPageValidation.java:73)

E2EProjectCopy.CalendarAppCopy.regPageValidation.invokingRegistrationPage[akhilbingi@gmail.com, akabc, akhilhdingi90089, Matrix@321456, https://www.google.com/](8)  Time elapsed: 3.52 s  <<< FAILURE!
java.lang.AssertionError: The test case failed as the user could not be able to register expected [true] but found [false]
	at E2EProjectCopy.CalendarAppCopy.regPageValidation.invokingRegistrationPage(regPageValidation.java:73)

E2EProjectCopy.CalendarAppCopy.regPageValidation.invokingRegistrationPage[ak@gmail.com, bingi18, RoyalEnfield1, Matrix@321456, https://www.google.com/](9)  Time elapsed: 3.4 s  <<< FAILURE!
java.lang.AssertionError: The test case failed as the user could not be able to register expected [true] but found [false]
	at E2EProjectCopy.CalendarAppCopy.regPageValidation.invokingRegistrationPage(regPageValidation.java:73)

E2EProjectCopy.CalendarAppCopy.LoginValidation.invokingLoginPage[akhilbingi64679@gmail.com, Matrix@32164](2)  Time elapsed: 8.85 s  <<< FAILURE!
org.openqa.selenium.NoSuchElementException: 
no such element: Unable to locate element: {"method":"xpath","selector":"//td[starts-with(@class,'active')]"}
  (Session info: chrome=89.0.4389.114)
For documentation on this error, please visit: https://www.seleniumhq.org/exceptions/no_such_element.html
Build info: version: '3.141.59', revision: 'e82be7d358', time: '2018-11-14T08:17:03'
System info: host: 'Akhil-Bingi-Macbook.local', ip: '2607:fa49:2a3f:b800:0:0:0:212', os.name: 'Mac OS X', os.arch: 'x86_64', os.version: '10.15.4', java.version: '1.8.0_111'
Driver info: org.openqa.selenium.chrome.ChromeDriver
Capabilities {acceptInsecureCerts: false, browserName: chrome, browserVersion: 89.0.4389.114, chrome: {chromedriverVersion: 88.0.4324.96 (68dba2d8a0b14..., userDataDir: /var/folders/3z/f2jc2dfn3xx...}, goog:chromeOptions: {debuggerAddress: localhost:49774}, javascriptEnabled: true, networkConnectionEnabled: false, pageLoadStrategy: normal, platform: MAC, platformName: MAC, proxy: Proxy(), setWindowRect: true, strictFileInteractability: false, timeouts: {implicit: 0, pageLoad: 300000, script: 30000}, unhandledPromptBehavior: dismiss and notify, webauthn:extension:largeBlob: true, webauthn:virtualAuthenticators: true}
Session ID: 9d0c6d333bfe232649229422ac79c0d8
*** Element info: {Using=xpath, value=//td[starts-with(@class,'active')]}
	at E2EProjectCopy.CalendarAppCopy.LoginValidation.invokingLoginPage(LoginValidation.java:84)

