<?xml version="1.0" encoding="UTF-8"?>
<testsuite xmlns:xsi="http://www.w3.org/2001/XMLSchema-instance" xsi:noNamespaceSchemaLocation="https://maven.apache.org/surefire/maven-surefire-plugin/xsd/surefire-test-report-3.0.xsd" version="3.0" name="TestSuite" time="67.461" tests="10" errors="0" skipped="0" failures="4">
  <properties>
[...]
</properties>
  <testcase name="invokingRegistrationPage[akhilbingi@gmail.com, akhil bingi, akhilbingi321, Matrix@321456, https://www.google.com/](1)" classname="E2EProjectCopy.CalendarAppCopy.regPageValidation" time="5.678">
    <failure message="The test case failed as the user could not be able to register expected [true] but found [false]" type="java.lang.AssertionError"><![CDATA[java.lang.AssertionError: The test case failed as the user could not be able to register expected [true] but found [false]
	at E2EProjectCopy.CalendarAppCopy.regPageValidation.invokingRegistrationPage(regPageValidation.java:73)
]]></failure>
    <system-out><![CDATA[chrome
]]></system-out>
    <system-err><![CDATA[Starting ChromeDriver 88.0.4324.96 (68dba2d8a0b149a1d3afac56fa74648032bcf46b-refs/branch-heads/4324@{#1784}) on port 30191
Only local connections are allowed.
Please see https://chromedriver.chromium.org/security-considerations for suggestions on keeping ChromeDriver safe.
ChromeDriver was started successfully.
[1617981291.212][WARNING]: This version of ChromeDriver has not been tested with Chrome version 89.
Apr 09, 2021 11:14:51 AM org.openqa.selenium.remote.ProtocolHandshake createSession
INFO: Detected dialect: W3C
]]></system-err>
  </testcase>
  <testcase name="invokingRegistrationPage[akhilbingi64@gmail.com, bingi64, akhilbingi64234, Matrix@32164, https://www.google.com/](2)" classname="E2EProjectCopy.CalendarAppCopy.regPageValidation" time="6.698">
    <system-out><![CDATA[chrome
]]></system-out>
    <system-err><![CDATA[Starting ChromeDriver 88.0.4324.96 (68dba2d8a0b149a1d3afac56fa74648032bcf46b-refs/branch-heads/4324@{#1784}) on port 37423
Only local connections are allowed.
Please see https://chromedriver.chromium.org/security-considerations for suggestions on keeping ChromeDriver safe.
ChromeDriver was started successfully.
[1617981296.928][WARNING]: This version of ChromeDriver has not been tested with Chrome version 89.
Apr 09, 2021 11:14:57 AM org.openqa.selenium.remote.ProtocolHandshake createSession
INFO: Detected dialect: W3C
]]></system-err>
  </testcase>
  <testcase name="invokingRegistrationPage[akhilbingi123231@gmai.com, akhilbiingi, akhilbingi3244, Matrix@321456, https://www.google.com/](3)" classname="E2EProjectCopy.CalendarAppCopy.regPageValidation" time="6.591">
    <system-out><![CDATA[chrome
]]></system-out>
    <system-err><![CDATA[Starting ChromeDriver 88.0.4324.96 (68dba2d8a0b149a1d3afac56fa74648032bcf46b-refs/branch-heads/4324@{#1784}) on port 47654
Only local connections are allowed.
Please see https://chromedriver.chromium.org/security-considerations for suggestions on keeping ChromeDriver safe.
ChromeDriver was started successfully.
[1617981304.333][WARNING]: This version of ChromeDriver has not been tested with Chrome version 89.
Apr 09, 2021 11:15:04 AM org.openqa.selenium.remote.ProtocolHandshake createSession
INFO: Detected dialect: W3C
]]></system-err>
  </testcase>
  <testcase name="invokingRegistrationPage[akhilbingi@gmail.com, akhil bingi, akhilbingi3215, Matrix@321456, https://www.google.com/](4)" classname="E2EProjectCopy.CalendarAppCopy.regPageValidation" time="6.452">
    <system-out><![CDATA[chrome
]]></system-out>
    <system-err><![CDATA[Starting ChromeDriver 88.0.4324.96 (68dba2d8a0b149a1d3afac56fa74648032bcf46b-refs/branch-heads/4324@{#1784}) on port 10633
Only local connections are allowed.
Please see https://chromedriver.chromium.org/security-considerations for suggestions on keeping ChromeDriver safe.
ChromeDriver was started successfully.
[1617981310.805][WARNING]: This version of ChromeDriver has not been tested with Chrome version 89.
Apr 09, 2021 11:15:10 AM org.openqa.selenium.remote.ProtocolHandshake createSession
INFO: Detected dialect: W3C
]]></system-err>
  </testcase>
  <testcase name="invokingRegistrationPage[akhilbingi@gmail.com, &quot;&quot;, akhilbingi32127, Matrix@321456, https://www.google.com/](5)" classname="E2EProjectCopy.CalendarAppCopy.regPageValidation" time="6.436">
    <system-out><![CDATA[chrome
]]></system-out>
    <system-err><![CDATA[Starting ChromeDriver 88.0.4324.96 (68dba2d8a0b149a1d3afac56fa74648032bcf46b-refs/branch-heads/4324@{#1784}) on port 43912
Only local connections are allowed.
Please see https://chromedriver.chromium.org/security-considerations for suggestions on keeping ChromeDriver safe.
ChromeDriver was started successfully.
[1617981317.321][WARNING]: This version of ChromeDriver has not been tested with Chrome version 89.
Apr 09, 2021 11:15:17 AM org.openqa.selenium.remote.ProtocolHandshake createSession
INFO: Detected dialect: W3C
]]></system-err>
  </testcase>
  <testcase name="invokingRegistrationPage[akhilbingi@gmail.com, aka, nffmf, Matrix@321456, https://www.google.com/](6)" classname="E2EProjectCopy.CalendarAppCopy.regPageValidation" time="6.846">
    <system-out><![CDATA[chrome
]]></system-out>
    <system-err><![CDATA[Starting ChromeDriver 88.0.4324.96 (68dba2d8a0b149a1d3afac56fa74648032bcf46b-refs/branch-heads/4324@{#1784}) on port 23159
Only local connections are allowed.
Please see https://chromedriver.chromium.org/security-considerations for suggestions on keeping ChromeDriver safe.
ChromeDriver was started successfully.
[1617981323.711][WARNING]: This version of ChromeDriver has not been tested with Chrome version 89.
Apr 09, 2021 11:15:23 AM org.openqa.selenium.remote.ProtocolHandshake createSession
INFO: Detected dialect: W3C
]]></system-err>
  </testcase>
  <testcase name="invokingRegistrationPage[akhilbingi@gmail.com, akab, akhilhdiw5, &quot;&quot;, https://www.google.com/](7)" classname="E2EProjectCopy.CalendarAppCopy.regPageValidation" time="3.745">
    <failure message="The test case failed as the user could not be able to register expected [true] but found [false]" type="java.lang.AssertionError"><![CDATA[java.lang.AssertionError: The test case failed as the user could not be able to register expected [true] but found [false]
	at E2EProjectCopy.CalendarAppCopy.regPageValidation.invokingRegistrationPage(regPageValidation.java:73)
]]></failure>
    <system-out><![CDATA[chrome
]]></system-out>
    <system-err><![CDATA[Starting ChromeDriver 88.0.4324.96 (68dba2d8a0b149a1d3afac56fa74648032bcf46b-refs/branch-heads/4324@{#1784}) on port 44541
Only local connections are allowed.
Please see https://chromedriver.chromium.org/security-considerations for suggestions on keeping ChromeDriver safe.
ChromeDriver was started successfully.
[1617981330.742][WARNING]: This version of ChromeDriver has not been tested with Chrome version 89.
Apr 09, 2021 11:15:30 AM org.openqa.selenium.remote.ProtocolHandshake createSession
INFO: Detected dialect: W3C
]]></system-err>
  </testcase>
  <testcase name="invokingRegistrationPage[&quot;&quot;, akabc, akhilhdingi9, Matrix@321456, https://www.google.com/](8)" classname="E2EProjectCopy.CalendarAppCopy.regPageValidation" time="3.942">
    <failure message="The test case failed as the user could not be able to register expected [true] but found [false]" type="java.lang.AssertionError"><![CDATA[java.lang.AssertionError: The test case failed as the user could not be able to register expected [true] but found [false]
	at E2EProjectCopy.CalendarAppCopy.regPageValidation.invokingRegistrationPage(regPageValidation.java:73)
]]></failure>
    <system-out><![CDATA[chrome
]]></system-out>
    <system-err><![CDATA[Starting ChromeDriver 88.0.4324.96 (68dba2d8a0b149a1d3afac56fa74648032bcf46b-refs/branch-heads/4324@{#1784}) on port 20674
Only local connections are allowed.
Please see https://chromedriver.chromium.org/security-considerations for suggestions on keeping ChromeDriver safe.
ChromeDriver was started successfully.
[1617981335.177][WARNING]: This version of ChromeDriver has not been tested with Chrome version 89.
Apr 09, 2021 11:15:35 AM org.openqa.selenium.remote.ProtocolHandshake createSession
INFO: Detected dialect: W3C
]]></system-err>
  </testcase>
  <testcase name="invokingLoginPage[akhilbingi32, Matrix@321456](1)" classname="E2EProjectCopy.CalendarAppCopy.LoginValidation" time="6.701">
    <system-out><![CDATA[chrome
Date  is 9
Date  is APRIL, 2021
Current date: 2021-04-09
Current day: 9
Current month: APRIL
Current month: 2021
APRIL, 2021
]]></system-out>
    <system-err><![CDATA[Starting ChromeDriver 88.0.4324.96 (68dba2d8a0b149a1d3afac56fa74648032bcf46b-refs/branch-heads/4324@{#1784}) on port 20794
Only local connections are allowed.
Please see https://chromedriver.chromium.org/security-considerations for suggestions on keeping ChromeDriver safe.
ChromeDriver was started successfully.
[1617981339.928][WARNING]: This version of ChromeDriver has not been tested with Chrome version 89.
Apr 09, 2021 11:15:40 AM org.openqa.selenium.remote.ProtocolHandshake createSession
INFO: Detected dialect: W3C
]]></system-err>
  </testcase>
  <testcase name="invokingLoginPage[akhilbingi64679@gmail.com, Matrix@32164](2)" classname="E2EProjectCopy.CalendarAppCopy.LoginValidation" time="8.761">
    <failure message="no such element: Unable to locate element: {&quot;method&quot;:&quot;xpath&quot;,&quot;selector&quot;:&quot;//td[starts-with(@class,&apos;active&apos;)]&quot;}&#10;  (Session info: chrome=89.0.4389.114)&#10;For documentation on this error, please visit: https://www.seleniumhq.org/exceptions/no_such_element.html&#10;Build info: version: &apos;3.141.59&apos;, revision: &apos;e82be7d358&apos;, time: &apos;2018-11-14T08:17:03&apos;&#10;System info: host: &apos;Akhil-Bingi-Macbook.local&apos;, ip: &apos;fe80:0:0:0:1007:4c2f:5afa:9204%en0&apos;, os.name: &apos;Mac OS X&apos;, os.arch: &apos;x86_64&apos;, os.version: &apos;10.15.4&apos;, java.version: &apos;1.8.0_111&apos;&#10;Driver info: org.openqa.selenium.chrome.ChromeDriver&#10;Capabilities {acceptInsecureCerts: false, browserName: chrome, browserVersion: 89.0.4389.114, chrome: {chromedriverVersion: 88.0.4324.96 (68dba2d8a0b14..., userDataDir: /var/folders/3z/f2jc2dfn3xx...}, goog:chromeOptions: {debuggerAddress: localhost:50036}, javascriptEnabled: true, networkConnectionEnabled: false, pageLoadStrategy: normal, platform: MAC, platformName: MAC, proxy: Proxy(), setWindowRect: true, strictFileInteractability: false, timeouts: {implicit: 0, pageLoad: 300000, script: 30000}, unhandledPromptBehavior: dismiss and notify, webauthn:extension:largeBlob: true, webauthn:virtualAuthenticators: true}&#10;Session ID: 741b0f6422043d3f906eb264d542966a&#10;*** Element info: {Using=xpath, value=//td[starts-with(@class,&apos;active&apos;)]}" type="org.openqa.selenium.NoSuchElementException"><![CDATA[org.openqa.selenium.NoSuchElementException: 
no such element: Unable to locate element: {"method":"xpath","selector":"//td[starts-with(@class,'active')]"}
  (Session info: chrome=89.0.4389.114)
For documentation on this error, please visit: https://www.seleniumhq.org/exceptions/no_such_element.html
Build info: version: '3.141.59', revision: 'e82be7d358', time: '2018-11-14T08:17:03'
System info: host: 'Akhil-Bingi-Macbook.local', ip: 'fe80:0:0:0:1007:4c2f:5afa:9204%en0', os.name: 'Mac OS X', os.arch: 'x86_64', os.version: '10.15.4', java.version: '1.8.0_111'
Driver info: org.openqa.selenium.chrome.ChromeDriver
Capabilities {acceptInsecureCerts: false, browserName: chrome, browserVersion: 89.0.4389.114, chrome: {chromedriverVersion: 88.0.4324.96 (68dba2d8a0b14..., userDataDir: /var/folders/3z/f2jc2dfn3xx...}, goog:chromeOptions: {debuggerAddress: localhost:50036}, javascriptEnabled: true, networkConnectionEnabled: false, pageLoadStrategy: normal, platform: MAC, platformName: MAC, proxy: Proxy(), setWindowRect: true, strictFileInteractability: false, timeouts: {implicit: 0, pageLoad: 300000, script: 30000}, unhandledPromptBehavior: dismiss and notify, webauthn:extension:largeBlob: true, webauthn:virtualAuthenticators: true}
Session ID: 741b0f6422043d3f906eb264d542966a
*** Element info: {Using=xpath, value=//td[starts-with(@class,'active')]}
	at E2EProjectCopy.CalendarAppCopy.LoginValidation.invokingLoginPage(LoginValidation.java:84)
]]></failure>
    <system-out><![CDATA[chrome
]]></system-out>
    <system-err><![CDATA[Starting ChromeDriver 88.0.4324.96 (68dba2d8a0b149a1d3afac56fa74648032bcf46b-refs/branch-heads/4324@{#1784}) on port 8278
Only local connections are allowed.
Please see https://chromedriver.chromium.org/security-considerations for suggestions on keeping ChromeDriver safe.
ChromeDriver was started successfully.
[1617981346.066][WARNING]: This version of ChromeDriver has not been tested with Chrome version 89.
Apr 09, 2021 11:15:46 AM org.openqa.selenium.remote.ProtocolHandshake createSession
INFO: Detected dialect: W3C
]]></system-err>
  </testcase>
</testsuite>