-------------------------------------------------------------------------------
Test set: TestSuite
-------------------------------------------------------------------------------
Tests run: 6, Failures: 4, Errors: 0, Skipped: 0, Time elapsed: 33.469 s <<< FAILURE! - in TestSuite
E2EProjectCopy.CalendarAppCopy.regPageValidation.invokingRegistrationPage[akhil41@gmail.com, bing, bingiweq123s56891, bing, https://www.google.com/](1)  Time elapsed: 5.345 s  <<< FAILURE!
java.lang.AssertionError: The test case failed as the user could not be able to register expected [true] but found [false]
	at E2EProjectCopy.CalendarAppCopy.regPageValidation.invokingRegistrationPage(regPageValidation.java:69)

E2EProjectCopy.CalendarAppCopy.regPageValidation.invokingRegistrationPage[akhil41@gmail.com, bing, bingiweq123s56829, bing, https://www.google.com/](2)  Time elapsed: 3.593 s  <<< FAILURE!
java.lang.AssertionError: The test case failed as the user could not be able to register expected [true] but found [false]
	at E2EProjectCopy.CalendarAppCopy.regPageValidation.invokingRegistrationPage(regPageValidation.java:69)

E2EProjectCopy.CalendarAppCopy.regPageValidation.invokingRegistrationPage[akhil41@gmail.com, bing, bingiweq123s56893, bing, https://www.google.com/](3)  Time elapsed: 3.437 s  <<< FAILURE!
java.lang.AssertionError: The test case failed as the user could not be able to register expected [true] but found [false]
	at E2EProjectCopy.CalendarAppCopy.regPageValidation.invokingRegistrationPage(regPageValidation.java:69)

E2EProjectCopy.CalendarAppCopy.regPageValidation.invokingRegistrationPage[akhil41@gmail.com, bing, bingiweq123s56859, bing, https://www.google.com/](4)  Time elapsed: 3.284 s  <<< FAILURE!
java.lang.AssertionError: The test case failed as the user could not be able to register expected [true] but found [false]
	at E2EProjectCopy.CalendarAppCopy.regPageValidation.invokingRegistrationPage(regPageValidation.java:69)

