<?xml version="1.0" encoding="UTF-8"?>
<testsuite xmlns:xsi="http://www.w3.org/2001/XMLSchema-instance" xsi:noNamespaceSchemaLocation="https://maven.apache.org/surefire/maven-surefire-plugin/xsd/surefire-test-report-3.0.xsd" version="3.0" name="TestSuite" time="33.469" tests="6" errors="0" skipped="0" failures="4">
  <properties>
[...]
</properties>
  <testcase name="invokingRegistrationPage[akhil41@gmail.com, bing, bingiweq123s56891, bing, https://www.google.com/](1)" classname="E2EProjectCopy.CalendarAppCopy.regPageValidation" time="5.345">
    <failure message="The test case failed as the user could not be able to register expected [true] but found [false]" type="java.lang.AssertionError"><![CDATA[java.lang.AssertionError: The test case failed as the user could not be able to register expected [true] but found [false]
	at E2EProjectCopy.CalendarAppCopy.regPageValidation.invokingRegistrationPage(regPageValidation.java:69)
]]></failure>
    <system-out><![CDATA[chrome
]]></system-out>
    <system-err><![CDATA[Starting ChromeDriver 88.0.4324.96 (68dba2d8a0b149a1d3afac56fa74648032bcf46b-refs/branch-heads/4324@{#1784}) on port 6374
Only local connections are allowed.
Please see https://chromedriver.chromium.org/security-considerations for suggestions on keeping ChromeDriver safe.
ChromeDriver was started successfully.
[1617648552.875][WARNING]: This version of ChromeDriver has not been tested with Chrome version 89.
Apr 05, 2021 2:49:12 PM org.openqa.selenium.remote.ProtocolHandshake createSession
INFO: Detected dialect: W3C
]]></system-err>
  </testcase>
  <testcase name="invokingRegistrationPage[akhil41@gmail.com, bing, bingiweq123s56829, bing, https://www.google.com/](2)" classname="E2EProjectCopy.CalendarAppCopy.regPageValidation" time="3.593">
    <failure message="The test case failed as the user could not be able to register expected [true] but found [false]" type="java.lang.AssertionError"><![CDATA[java.lang.AssertionError: The test case failed as the user could not be able to register expected [true] but found [false]
	at E2EProjectCopy.CalendarAppCopy.regPageValidation.invokingRegistrationPage(regPageValidation.java:69)
]]></failure>
    <system-out><![CDATA[chrome
]]></system-out>
    <system-err><![CDATA[Starting ChromeDriver 88.0.4324.96 (68dba2d8a0b149a1d3afac56fa74648032bcf46b-refs/branch-heads/4324@{#1784}) on port 26339
Only local connections are allowed.
Please see https://chromedriver.chromium.org/security-considerations for suggestions on keeping ChromeDriver safe.
ChromeDriver was started successfully.
[1617648557.371][WARNING]: This version of ChromeDriver has not been tested with Chrome version 89.
Apr 05, 2021 2:49:17 PM org.openqa.selenium.remote.ProtocolHandshake createSession
INFO: Detected dialect: W3C
]]></system-err>
  </testcase>
  <testcase name="invokingRegistrationPage[akhil41@gmail.com, bing, bingiweq123s56893, bing, https://www.google.com/](3)" classname="E2EProjectCopy.CalendarAppCopy.regPageValidation" time="3.437">
    <failure message="The test case failed as the user could not be able to register expected [true] but found [false]" type="java.lang.AssertionError"><![CDATA[java.lang.AssertionError: The test case failed as the user could not be able to register expected [true] but found [false]
	at E2EProjectCopy.CalendarAppCopy.regPageValidation.invokingRegistrationPage(regPageValidation.java:69)
]]></failure>
    <system-out><![CDATA[chrome
]]></system-out>
    <system-err><![CDATA[Starting ChromeDriver 88.0.4324.96 (68dba2d8a0b149a1d3afac56fa74648032bcf46b-refs/branch-heads/4324@{#1784}) on port 20293
Only local connections are allowed.
Please see https://chromedriver.chromium.org/security-considerations for suggestions on keeping ChromeDriver safe.
ChromeDriver was started successfully.
[1617648561.633][WARNING]: This version of ChromeDriver has not been tested with Chrome version 89.
Apr 05, 2021 2:49:21 PM org.openqa.selenium.remote.ProtocolHandshake createSession
INFO: Detected dialect: W3C
]]></system-err>
  </testcase>
  <testcase name="invokingRegistrationPage[akhil41@gmail.com, bing, bingiweq123s56859, bing, https://www.google.com/](4)" classname="E2EProjectCopy.CalendarAppCopy.regPageValidation" time="3.284">
    <failure message="The test case failed as the user could not be able to register expected [true] but found [false]" type="java.lang.AssertionError"><![CDATA[java.lang.AssertionError: The test case failed as the user could not be able to register expected [true] but found [false]
	at E2EProjectCopy.CalendarAppCopy.regPageValidation.invokingRegistrationPage(regPageValidation.java:69)
]]></failure>
    <system-out><![CDATA[chrome
]]></system-out>
    <system-err><![CDATA[Starting ChromeDriver 88.0.4324.96 (68dba2d8a0b149a1d3afac56fa74648032bcf46b-refs/branch-heads/4324@{#1784}) on port 29697
Only local connections are allowed.
Please see https://chromedriver.chromium.org/security-considerations for suggestions on keeping ChromeDriver safe.
ChromeDriver was started successfully.
[1617648565.512][WARNING]: This version of ChromeDriver has not been tested with Chrome version 89.
Apr 05, 2021 2:49:25 PM org.openqa.selenium.remote.ProtocolHandshake createSession
INFO: Detected dialect: W3C
]]></system-err>
  </testcase>
  <testcase name="invokingLoginPage[akhilbingi32, Matrix@321456](1)" classname="E2EProjectCopy.CalendarAppCopy.LoginValidation" time="6.756">
    <system-out><![CDATA[chrome
Date  is 5
Date  is APRIL, 2021
Current date: 2021-04-05
Current day: 5
Current month: APRIL
Current month: 2021
APRIL, 2021
]]></system-out>
    <system-err><![CDATA[Starting ChromeDriver 88.0.4324.96 (68dba2d8a0b149a1d3afac56fa74648032bcf46b-refs/branch-heads/4324@{#1784}) on port 24266
Only local connections are allowed.
Please see https://chromedriver.chromium.org/security-considerations for suggestions on keeping ChromeDriver safe.
ChromeDriver was started successfully.
[1617648569.370][WARNING]: This version of ChromeDriver has not been tested with Chrome version 89.
Apr 05, 2021 2:49:29 PM org.openqa.selenium.remote.ProtocolHandshake createSession
INFO: Detected dialect: W3C
]]></system-err>
  </testcase>
  <testcase name="invokingLoginPage[akhilbingi64@gmail.com, Matrix@32164](2)" classname="E2EProjectCopy.CalendarAppCopy.LoginValidation" time="5.829">
    <system-out><![CDATA[chrome
Date  is 5
Date  is APRIL, 2021
Current date: 2021-04-05
Current day: 5
Current month: APRIL
Current month: 2021
APRIL, 2021
]]></system-out>
    <system-err><![CDATA[Starting ChromeDriver 88.0.4324.96 (68dba2d8a0b149a1d3afac56fa74648032bcf46b-refs/branch-heads/4324@{#1784}) on port 7241
Only local connections are allowed.
Please see https://chromedriver.chromium.org/security-considerations for suggestions on keeping ChromeDriver safe.
ChromeDriver was started successfully.
[1617648575.888][WARNING]: This version of ChromeDriver has not been tested with Chrome version 89.
Apr 05, 2021 2:49:36 PM org.openqa.selenium.remote.ProtocolHandshake createSession
INFO: Detected dialect: W3C
]]></system-err>
  </testcase>
</testsuite>