<?xml version="1.0" encoding="UTF-8"?>
<testng-results skipped="0" failed="4" ignored="0" total="10" passed="6">
  <reporter-output>
  </reporter-output>
  <suite name="Suite" duration-ms="65621" started-at="2021-04-09T11:14:48 EDT" finished-at="2021-04-09T11:15:53 EDT">
    <groups>
    </groups>
    <test name="Test" duration-ms="65621" started-at="2021-04-09T11:14:48 EDT" finished-at="2021-04-09T11:15:53 EDT">
      <class name="E2EProjectCopy.CalendarAppCopy.LoginValidation">
        <test-method status="PASS" signature="invokingLoginPage(java.lang.String, java.lang.String)[pri:0, instance:E2EProjectCopy.CalendarAppCopy.LoginValidation@1d119efb]" name="invokingLoginPage" duration-ms="6692" started-at="2021-04-09T11:15:37 EDT" data-provider="getdatal" finished-at="2021-04-09T11:15:44 EDT">
          <params>
            <param index="0">
              <value>
                <![CDATA[akhilbingi32]]>
              </value>
            </param>
            <param index="1">
              <value>
                <![CDATA[Matrix@321456]]>
              </value>
            </param>
          </params>
          <reporter-output>
          </reporter-output>
        </test-method> <!-- invokingLoginPage -->
        <test-method status="FAIL" signature="invokingLoginPage(java.lang.String, java.lang.String)[pri:0, instance:E2EProjectCopy.CalendarAppCopy.LoginValidation@1d119efb]" name="invokingLoginPage" duration-ms="8760" started-at="2021-04-09T11:15:44 EDT" data-provider="getdatal" finished-at="2021-04-09T11:15:52 EDT">
          <params>
            <param index="0">
              <value>
                <![CDATA[akhilbingi64679@gmail.com]]>
              </value>
            </param>
            <param index="1">
              <value>
                <![CDATA[Matrix@32164]]>
              </value>
            </param>
          </params>
          <exception class="org.openqa.selenium.NoSuchElementException">
            <message>
              <![CDATA[no such element: Unable to locate element: {"method":"xpath","selector":"//td[starts-with(@class,'active')]"}
  (Session info: chrome=89.0.4389.114)
For documentation on this error, please visit: https://www.seleniumhq.org/exceptions/no_such_element.html
Build info: version: '3.141.59', revision: 'e82be7d358', time: '2018-11-14T08:17:03'
System info: host: 'Akhil-Bingi-Macbook.local', ip: 'fe80:0:0:0:1007:4c2f:5afa:9204%en0', os.name: 'Mac OS X', os.arch: 'x86_64', os.version: '10.15.4', java.version: '1.8.0_111'
Driver info: org.openqa.selenium.chrome.ChromeDriver
Capabilities {acceptInsecureCerts: false, browserName: chrome, browserVersion: 89.0.4389.114, chrome: {chromedriverVersion: 88.0.4324.96 (68dba2d8a0b14..., userDataDir: /var/folders/3z/f2jc2dfn3xx...}, goog:chromeOptions: {debuggerAddress: localhost:50036}, javascriptEnabled: true, networkConnectionEnabled: false, pageLoadStrategy: normal, platform: MAC, platformName: MAC, proxy: Proxy(), setWindowRect: true, strictFileInteractability: false, timeouts: {implicit: 0, pageLoad: 300000, script: 30000}, unhandledPromptBehavior: dismiss and notify, webauthn:extension:largeBlob: true, webauthn:virtualAuthenticators: true}
Session ID: 741b0f6422043d3f906eb264d542966a
*** Element info: {Using=xpath, value=//td[starts-with(@class,'active')]}]]>
            </message>
            <full-stacktrace>
              <![CDATA[org.openqa.selenium.NoSuchElementException: no such element: Unable to locate element: {"method":"xpath","selector":"//td[starts-with(@class,'active')]"}
  (Session info: chrome=89.0.4389.114)
For documentation on this error, please visit: https://www.seleniumhq.org/exceptions/no_such_element.html
Build info: version: '3.141.59', revision: 'e82be7d358', time: '2018-11-14T08:17:03'
System info: host: 'Akhil-Bingi-Macbook.local', ip: 'fe80:0:0:0:1007:4c2f:5afa:9204%en0', os.name: 'Mac OS X', os.arch: 'x86_64', os.version: '10.15.4', java.version: '1.8.0_111'
Driver info: org.openqa.selenium.chrome.ChromeDriver
Capabilities {acceptInsecureCerts: false, browserName: chrome, browserVersion: 89.0.4389.114, chrome: {chromedriverVersion: 88.0.4324.96 (68dba2d8a0b14..., userDataDir: /var/folders/3z/f2jc2dfn3xx...}, goog:chromeOptions: {debuggerAddress: localhost:50036}, javascriptEnabled: true, networkConnectionEnabled: false, pageLoadStrategy: normal, platform: MAC, platformName: MAC, proxy: Proxy(), setWindowRect: true, strictFileInteractability: false, timeouts: {implicit: 0, pageLoad: 300000, script: 30000}, unhandledPromptBehavior: dismiss and notify, webauthn:extension:largeBlob: true, webauthn:virtualAuthenticators: true}
Session ID: 741b0f6422043d3f906eb264d542966a
*** Element info: {Using=xpath, value=//td[starts-with(@class,'active')]}
at sun.reflect.NativeConstructorAccessorImpl.newInstance0(Native Method)
at sun.reflect.NativeConstructorAccessorImpl.newInstance(NativeConstructorAccessorImpl.java:62)
at sun.reflect.DelegatingConstructorAccessorImpl.newInstance(DelegatingConstructorAccessorImpl.java:45)
at java.lang.reflect.Constructor.newInstance(Constructor.java:423)
at org.openqa.selenium.remote.http.W3CHttpResponseCodec.createException(W3CHttpResponseCodec.java:187)
at org.openqa.selenium.remote.http.W3CHttpResponseCodec.decode(W3CHttpResponseCodec.java:122)
at org.openqa.selenium.remote.http.W3CHttpResponseCodec.decode(W3CHttpResponseCodec.java:49)
at org.openqa.selenium.remote.HttpCommandExecutor.execute(HttpCommandExecutor.java:158)
at org.openqa.selenium.remote.service.DriverCommandExecutor.execute(DriverCommandExecutor.java:83)
at org.openqa.selenium.remote.RemoteWebDriver.execute(RemoteWebDriver.java:552)
at org.openqa.selenium.remote.RemoteWebDriver.findElement(RemoteWebDriver.java:323)
at org.openqa.selenium.remote.RemoteWebDriver.findElementByXPath(RemoteWebDriver.java:428)
at org.openqa.selenium.By$ByXPath.findElement(By.java:353)
at org.openqa.selenium.remote.RemoteWebDriver.findElement(RemoteWebDriver.java:315)
at E2EProjectCopy.CalendarAppCopy.loginPage.getCurrDate(loginPage.java:59)
at E2EProjectCopy.CalendarAppCopy.LoginValidation.invokingLoginPage(LoginValidation.java:84)
at sun.reflect.NativeMethodAccessorImpl.invoke0(Native Method)
at sun.reflect.NativeMethodAccessorImpl.invoke(NativeMethodAccessorImpl.java:62)
at sun.reflect.DelegatingMethodAccessorImpl.invoke(DelegatingMethodAccessorImpl.java:43)
at java.lang.reflect.Method.invoke(Method.java:498)
at org.testng.internal.MethodInvocationHelper.invokeMethod(MethodInvocationHelper.java:132)
at org.testng.internal.TestInvoker.invokeMethod(TestInvoker.java:599)
at org.testng.internal.TestInvoker.invokeTestMethod(TestInvoker.java:174)
at org.testng.internal.MethodRunner.runInSequence(MethodRunner.java:46)
at org.testng.internal.TestInvoker$MethodInvocationAgent.invoke(TestInvoker.java:822)
at org.testng.internal.TestInvoker.invokeTestMethods(TestInvoker.java:147)
at org.testng.internal.TestMethodWorker.invokeTestMethods(TestMethodWorker.java:146)
at org.testng.internal.TestMethodWorker.run(TestMethodWorker.java:128)
at java.util.ArrayList.forEach(ArrayList.java:1249)
at org.testng.TestRunner.privateRun(TestRunner.java:764)
at org.testng.TestRunner.run(TestRunner.java:585)
at org.testng.SuiteRunner.runTest(SuiteRunner.java:384)
at org.testng.SuiteRunner.runSequentially(SuiteRunner.java:378)
at org.testng.SuiteRunner.privateRun(SuiteRunner.java:337)
at org.testng.SuiteRunner.run(SuiteRunner.java:286)
at org.testng.SuiteRunnerWorker.runSuite(SuiteRunnerWorker.java:53)
at org.testng.SuiteRunnerWorker.run(SuiteRunnerWorker.java:96)
at org.testng.TestNG.runSuitesSequentially(TestNG.java:1218)
at org.testng.TestNG.runSuitesLocally(TestNG.java:1140)
at org.testng.TestNG.runSuites(TestNG.java:1069)
at org.testng.TestNG.run(TestNG.java:1037)
at org.apache.maven.surefire.testng.TestNGExecutor.run(TestNGExecutor.java:284)
at org.apache.maven.surefire.testng.TestNGXmlTestSuite.execute(TestNGXmlTestSuite.java:75)
at org.apache.maven.surefire.testng.TestNGProvider.invoke(TestNGProvider.java:119)
at org.apache.maven.surefire.booter.ForkedBooter.runSuitesInProcess(ForkedBooter.java:428)
at org.apache.maven.surefire.booter.ForkedBooter.execute(ForkedBooter.java:162)
at org.apache.maven.surefire.booter.ForkedBooter.run(ForkedBooter.java:562)
at org.apache.maven.surefire.booter.ForkedBooter.main(ForkedBooter.java:548)
]]>
            </full-stacktrace>
          </exception> <!-- org.openqa.selenium.NoSuchElementException -->
          <reporter-output>
          </reporter-output>
        </test-method> <!-- invokingLoginPage -->
        <test-method status="PASS" signature="aftertest()[pri:0, instance:E2EProjectCopy.CalendarAppCopy.LoginValidation@1d119efb]" name="aftertest" is-config="true" duration-ms="225" started-at="2021-04-09T11:15:53 EDT" finished-at="2021-04-09T11:15:53 EDT">
          <reporter-output>
          </reporter-output>
        </test-method> <!-- aftertest -->
      </class> <!-- E2EProjectCopy.CalendarAppCopy.LoginValidation -->
      <class name="E2EProjectCopy.CalendarAppCopy.regPageValidation">
        <test-method status="FAIL" signature="invokingRegistrationPage(java.lang.String, java.lang.String, java.lang.String, java.lang.String, java.lang.String)[pri:0, instance:E2EProjectCopy.CalendarAppCopy.regPageValidation@6fe7aac8]" name="invokingRegistrationPage" duration-ms="5652" started-at="2021-04-09T11:14:49 EDT" data-provider="getdata" finished-at="2021-04-09T11:14:54 EDT">
          <params>
            <param index="0">
              <value>
                <![CDATA[akhilbingi@gmail.com]]>
              </value>
            </param>
            <param index="1">
              <value>
                <![CDATA[akhil bingi]]>
              </value>
            </param>
            <param index="2">
              <value>
                <![CDATA[akhilbingi321]]>
              </value>
            </param>
            <param index="3">
              <value>
                <![CDATA[Matrix@321456]]>
              </value>
            </param>
            <param index="4">
              <value>
                <![CDATA[https://www.google.com/]]>
              </value>
            </param>
          </params>
          <exception class="java.lang.AssertionError">
            <message>
              <![CDATA[The test case failed as the user could not be able to register expected [true] but found [false]]]>
            </message>
            <full-stacktrace>
              <![CDATA[java.lang.AssertionError: The test case failed as the user could not be able to register expected [true] but found [false]
at org.testng.Assert.fail(Assert.java:99)
at org.testng.Assert.failNotEquals(Assert.java:1037)
at org.testng.Assert.assertTrue(Assert.java:45)
at E2EProjectCopy.CalendarAppCopy.regPageValidation.invokingRegistrationPage(regPageValidation.java:73)
at sun.reflect.NativeMethodAccessorImpl.invoke0(Native Method)
at sun.reflect.NativeMethodAccessorImpl.invoke(NativeMethodAccessorImpl.java:62)
at sun.reflect.DelegatingMethodAccessorImpl.invoke(DelegatingMethodAccessorImpl.java:43)
at java.lang.reflect.Method.invoke(Method.java:498)
at org.testng.internal.MethodInvocationHelper.invokeMethod(MethodInvocationHelper.java:132)
at org.testng.internal.TestInvoker.invokeMethod(TestInvoker.java:599)
at org.testng.internal.TestInvoker.invokeTestMethod(TestInvoker.java:174)
at org.testng.internal.MethodRunner.runInSequence(MethodRunner.java:46)
at org.testng.internal.TestInvoker$MethodInvocationAgent.invoke(TestInvoker.java:822)
at org.testng.internal.TestInvoker.invokeTestMethods(TestInvoker.java:147)
at org.testng.internal.TestMethodWorker.invokeTestMethods(TestMethodWorker.java:146)
at org.testng.internal.TestMethodWorker.run(TestMethodWorker.java:128)
at java.util.ArrayList.forEach(ArrayList.java:1249)
at org.testng.TestRunner.privateRun(TestRunner.java:764)
at org.testng.TestRunner.run(TestRunner.java:585)
at org.testng.SuiteRunner.runTest(SuiteRunner.java:384)
at org.testng.SuiteRunner.runSequentially(SuiteRunner.java:378)
at org.testng.SuiteRunner.privateRun(SuiteRunner.java:337)
at org.testng.SuiteRunner.run(SuiteRunner.java:286)
at org.testng.SuiteRunnerWorker.runSuite(SuiteRunnerWorker.java:53)
at org.testng.SuiteRunnerWorker.run(SuiteRunnerWorker.java:96)
at org.testng.TestNG.runSuitesSequentially(TestNG.java:1218)
at org.testng.TestNG.runSuitesLocally(TestNG.java:1140)
at org.testng.TestNG.runSuites(TestNG.java:1069)
at org.testng.TestNG.run(TestNG.java:1037)
at org.apache.maven.surefire.testng.TestNGExecutor.run(TestNGExecutor.java:284)
at org.apache.maven.surefire.testng.TestNGXmlTestSuite.execute(TestNGXmlTestSuite.java:75)
at org.apache.maven.surefire.testng.TestNGProvider.invoke(TestNGProvider.java:119)
at org.apache.maven.surefire.booter.ForkedBooter.runSuitesInProcess(ForkedBooter.java:428)
at org.apache.maven.surefire.booter.ForkedBooter.execute(ForkedBooter.java:162)
at org.apache.maven.surefire.booter.ForkedBooter.run(ForkedBooter.java:562)
at org.apache.maven.surefire.booter.ForkedBooter.main(ForkedBooter.java:548)
]]>
            </full-stacktrace>
          </exception> <!-- java.lang.AssertionError -->
          <reporter-output>
          </reporter-output>
        </test-method> <!-- invokingRegistrationPage -->
        <test-method status="PASS" signature="invokingRegistrationPage(java.lang.String, java.lang.String, java.lang.String, java.lang.String, java.lang.String)[pri:0, instance:E2EProjectCopy.CalendarAppCopy.regPageValidation@6fe7aac8]" name="invokingRegistrationPage" duration-ms="6676" started-at="2021-04-09T11:14:55 EDT" data-provider="getdata" finished-at="2021-04-09T11:15:02 EDT">
          <params>
            <param index="0">
              <value>
                <![CDATA[akhilbingi64@gmail.com]]>
              </value>
            </param>
            <param index="1">
              <value>
                <![CDATA[bingi64]]>
              </value>
            </param>
            <param index="2">
              <value>
                <![CDATA[akhilbingi64234]]>
              </value>
            </param>
            <param index="3">
              <value>
                <![CDATA[Matrix@32164]]>
              </value>
            </param>
            <param index="4">
              <value>
                <![CDATA[https://www.google.com/]]>
              </value>
            </param>
          </params>
          <reporter-output>
          </reporter-output>
        </test-method> <!-- invokingRegistrationPage -->
        <test-method status="PASS" signature="invokingRegistrationPage(java.lang.String, java.lang.String, java.lang.String, java.lang.String, java.lang.String)[pri:0, instance:E2EProjectCopy.CalendarAppCopy.regPageValidation@6fe7aac8]" name="invokingRegistrationPage" duration-ms="6595" started-at="2021-04-09T11:15:02 EDT" data-provider="getdata" finished-at="2021-04-09T11:15:08 EDT">
          <params>
            <param index="0">
              <value>
                <![CDATA[akhilbingi123231@gmai.com]]>
              </value>
            </param>
            <param index="1">
              <value>
                <![CDATA[akhilbiingi]]>
              </value>
            </param>
            <param index="2">
              <value>
                <![CDATA[akhilbingi3244]]>
              </value>
            </param>
            <param index="3">
              <value>
                <![CDATA[Matrix@321456]]>
              </value>
            </param>
            <param index="4">
              <value>
                <![CDATA[https://www.google.com/]]>
              </value>
            </param>
          </params>
          <reporter-output>
          </reporter-output>
        </test-method> <!-- invokingRegistrationPage -->
        <test-method status="PASS" signature="invokingRegistrationPage(java.lang.String, java.lang.String, java.lang.String, java.lang.String, java.lang.String)[pri:0, instance:E2EProjectCopy.CalendarAppCopy.regPageValidation@6fe7aac8]" name="invokingRegistrationPage" duration-ms="6448" started-at="2021-04-09T11:15:08 EDT" data-provider="getdata" finished-at="2021-04-09T11:15:15 EDT">
          <params>
            <param index="0">
              <value>
                <![CDATA[akhilbingi@gmail.com]]>
              </value>
            </param>
            <param index="1">
              <value>
                <![CDATA[akhil bingi]]>
              </value>
            </param>
            <param index="2">
              <value>
                <![CDATA[akhilbingi3215]]>
              </value>
            </param>
            <param index="3">
              <value>
                <![CDATA[Matrix@321456]]>
              </value>
            </param>
            <param index="4">
              <value>
                <![CDATA[https://www.google.com/]]>
              </value>
            </param>
          </params>
          <reporter-output>
          </reporter-output>
        </test-method> <!-- invokingRegistrationPage -->
        <test-method status="PASS" signature="invokingRegistrationPage(java.lang.String, java.lang.String, java.lang.String, java.lang.String, java.lang.String)[pri:0, instance:E2EProjectCopy.CalendarAppCopy.regPageValidation@6fe7aac8]" name="invokingRegistrationPage" duration-ms="6439" started-at="2021-04-09T11:15:15 EDT" data-provider="getdata" finished-at="2021-04-09T11:15:21 EDT">
          <params>
            <param index="0">
              <value>
                <![CDATA[akhilbingi@gmail.com]]>
              </value>
            </param>
            <param index="1">
              <value>
                <![CDATA[""]]>
              </value>
            </param>
            <param index="2">
              <value>
                <![CDATA[akhilbingi32127]]>
              </value>
            </param>
            <param index="3">
              <value>
                <![CDATA[Matrix@321456]]>
              </value>
            </param>
            <param index="4">
              <value>
                <![CDATA[https://www.google.com/]]>
              </value>
            </param>
          </params>
          <reporter-output>
          </reporter-output>
        </test-method> <!-- invokingRegistrationPage -->
        <test-method status="PASS" signature="invokingRegistrationPage(java.lang.String, java.lang.String, java.lang.String, java.lang.String, java.lang.String)[pri:0, instance:E2EProjectCopy.CalendarAppCopy.regPageValidation@6fe7aac8]" name="invokingRegistrationPage" duration-ms="6839" started-at="2021-04-09T11:15:21 EDT" data-provider="getdata" finished-at="2021-04-09T11:15:28 EDT">
          <params>
            <param index="0">
              <value>
                <![CDATA[akhilbingi@gmail.com]]>
              </value>
            </param>
            <param index="1">
              <value>
                <![CDATA[aka]]>
              </value>
            </param>
            <param index="2">
              <value>
                <![CDATA[nffmf]]>
              </value>
            </param>
            <param index="3">
              <value>
                <![CDATA[Matrix@321456]]>
              </value>
            </param>
            <param index="4">
              <value>
                <![CDATA[https://www.google.com/]]>
              </value>
            </param>
          </params>
          <reporter-output>
          </reporter-output>
        </test-method> <!-- invokingRegistrationPage -->
        <test-method status="FAIL" signature="invokingRegistrationPage(java.lang.String, java.lang.String, java.lang.String, java.lang.String, java.lang.String)[pri:0, instance:E2EProjectCopy.CalendarAppCopy.regPageValidation@6fe7aac8]" name="invokingRegistrationPage" duration-ms="3753" started-at="2021-04-09T11:15:28 EDT" data-provider="getdata" finished-at="2021-04-09T11:15:32 EDT">
          <params>
            <param index="0">
              <value>
                <![CDATA[akhilbingi@gmail.com]]>
              </value>
            </param>
            <param index="1">
              <value>
                <![CDATA[akab]]>
              </value>
            </param>
            <param index="2">
              <value>
                <![CDATA[akhilhdiw5]]>
              </value>
            </param>
            <param index="3">
              <value>
                <![CDATA[""]]>
              </value>
            </param>
            <param index="4">
              <value>
                <![CDATA[https://www.google.com/]]>
              </value>
            </param>
          </params>
          <exception class="java.lang.AssertionError">
            <message>
              <![CDATA[The test case failed as the user could not be able to register expected [true] but found [false]]]>
            </message>
            <full-stacktrace>
              <![CDATA[java.lang.AssertionError: The test case failed as the user could not be able to register expected [true] but found [false]
at org.testng.Assert.fail(Assert.java:99)
at org.testng.Assert.failNotEquals(Assert.java:1037)
at org.testng.Assert.assertTrue(Assert.java:45)
at E2EProjectCopy.CalendarAppCopy.regPageValidation.invokingRegistrationPage(regPageValidation.java:73)
at sun.reflect.NativeMethodAccessorImpl.invoke0(Native Method)
at sun.reflect.NativeMethodAccessorImpl.invoke(NativeMethodAccessorImpl.java:62)
at sun.reflect.DelegatingMethodAccessorImpl.invoke(DelegatingMethodAccessorImpl.java:43)
at java.lang.reflect.Method.invoke(Method.java:498)
at org.testng.internal.MethodInvocationHelper.invokeMethod(MethodInvocationHelper.java:132)
at org.testng.internal.TestInvoker.invokeMethod(TestInvoker.java:599)
at org.testng.internal.TestInvoker.invokeTestMethod(TestInvoker.java:174)
at org.testng.internal.MethodRunner.runInSequence(MethodRunner.java:46)
at org.testng.internal.TestInvoker$MethodInvocationAgent.invoke(TestInvoker.java:822)
at org.testng.internal.TestInvoker.invokeTestMethods(TestInvoker.java:147)
at org.testng.internal.TestMethodWorker.invokeTestMethods(TestMethodWorker.java:146)
at org.testng.internal.TestMethodWorker.run(TestMethodWorker.java:128)
at java.util.ArrayList.forEach(ArrayList.java:1249)
at org.testng.TestRunner.privateRun(TestRunner.java:764)
at org.testng.TestRunner.run(TestRunner.java:585)
at org.testng.SuiteRunner.runTest(SuiteRunner.java:384)
at org.testng.SuiteRunner.runSequentially(SuiteRunner.java:378)
at org.testng.SuiteRunner.privateRun(SuiteRunner.java:337)
at org.testng.SuiteRunner.run(SuiteRunner.java:286)
at org.testng.SuiteRunnerWorker.runSuite(SuiteRunnerWorker.java:53)
at org.testng.SuiteRunnerWorker.run(SuiteRunnerWorker.java:96)
at org.testng.TestNG.runSuitesSequentially(TestNG.java:1218)
at org.testng.TestNG.runSuitesLocally(TestNG.java:1140)
at org.testng.TestNG.runSuites(TestNG.java:1069)
at org.testng.TestNG.run(TestNG.java:1037)
at org.apache.maven.surefire.testng.TestNGExecutor.run(TestNGExecutor.java:284)
at org.apache.maven.surefire.testng.TestNGXmlTestSuite.execute(TestNGXmlTestSuite.java:75)
at org.apache.maven.surefire.testng.TestNGProvider.invoke(TestNGProvider.java:119)
at org.apache.maven.surefire.booter.ForkedBooter.runSuitesInProcess(ForkedBooter.java:428)
at org.apache.maven.surefire.booter.ForkedBooter.execute(ForkedBooter.java:162)
at org.apache.maven.surefire.booter.ForkedBooter.run(ForkedBooter.java:562)
at org.apache.maven.surefire.booter.ForkedBooter.main(ForkedBooter.java:548)
]]>
            </full-stacktrace>
          </exception> <!-- java.lang.AssertionError -->
          <reporter-output>
          </reporter-output>
        </test-method> <!-- invokingRegistrationPage -->
        <test-method status="FAIL" signature="invokingRegistrationPage(java.lang.String, java.lang.String, java.lang.String, java.lang.String, java.lang.String)[pri:0, instance:E2EProjectCopy.CalendarAppCopy.regPageValidation@6fe7aac8]" name="invokingRegistrationPage" duration-ms="3928" started-at="2021-04-09T11:15:33 EDT" data-provider="getdata" finished-at="2021-04-09T11:15:36 EDT">
          <params>
            <param index="0">
              <value>
                <![CDATA[""]]>
              </value>
            </param>
            <param index="1">
              <value>
                <![CDATA[akabc]]>
              </value>
            </param>
            <param index="2">
              <value>
                <![CDATA[akhilhdingi9]]>
              </value>
            </param>
            <param index="3">
              <value>
                <![CDATA[Matrix@321456]]>
              </value>
            </param>
            <param index="4">
              <value>
                <![CDATA[https://www.google.com/]]>
              </value>
            </param>
          </params>
          <exception class="java.lang.AssertionError">
            <message>
              <![CDATA[The test case failed as the user could not be able to register expected [true] but found [false]]]>
            </message>
            <full-stacktrace>
              <![CDATA[java.lang.AssertionError: The test case failed as the user could not be able to register expected [true] but found [false]
at org.testng.Assert.fail(Assert.java:99)
at org.testng.Assert.failNotEquals(Assert.java:1037)
at org.testng.Assert.assertTrue(Assert.java:45)
at E2EProjectCopy.CalendarAppCopy.regPageValidation.invokingRegistrationPage(regPageValidation.java:73)
at sun.reflect.NativeMethodAccessorImpl.invoke0(Native Method)
at sun.reflect.NativeMethodAccessorImpl.invoke(NativeMethodAccessorImpl.java:62)
at sun.reflect.DelegatingMethodAccessorImpl.invoke(DelegatingMethodAccessorImpl.java:43)
at java.lang.reflect.Method.invoke(Method.java:498)
at org.testng.internal.MethodInvocationHelper.invokeMethod(MethodInvocationHelper.java:132)
at org.testng.internal.TestInvoker.invokeMethod(TestInvoker.java:599)
at org.testng.internal.TestInvoker.invokeTestMethod(TestInvoker.java:174)
at org.testng.internal.MethodRunner.runInSequence(MethodRunner.java:46)
at org.testng.internal.TestInvoker$MethodInvocationAgent.invoke(TestInvoker.java:822)
at org.testng.internal.TestInvoker.invokeTestMethods(TestInvoker.java:147)
at org.testng.internal.TestMethodWorker.invokeTestMethods(TestMethodWorker.java:146)
at org.testng.internal.TestMethodWorker.run(TestMethodWorker.java:128)
at java.util.ArrayList.forEach(ArrayList.java:1249)
at org.testng.TestRunner.privateRun(TestRunner.java:764)
at org.testng.TestRunner.run(TestRunner.java:585)
at org.testng.SuiteRunner.runTest(SuiteRunner.java:384)
at org.testng.SuiteRunner.runSequentially(SuiteRunner.java:378)
at org.testng.SuiteRunner.privateRun(SuiteRunner.java:337)
at org.testng.SuiteRunner.run(SuiteRunner.java:286)
at org.testng.SuiteRunnerWorker.runSuite(SuiteRunnerWorker.java:53)
at org.testng.SuiteRunnerWorker.run(SuiteRunnerWorker.java:96)
at org.testng.TestNG.runSuitesSequentially(TestNG.java:1218)
at org.testng.TestNG.runSuitesLocally(TestNG.java:1140)
at org.testng.TestNG.runSuites(TestNG.java:1069)
at org.testng.TestNG.run(TestNG.java:1037)
at org.apache.maven.surefire.testng.TestNGExecutor.run(TestNGExecutor.java:284)
at org.apache.maven.surefire.testng.TestNGXmlTestSuite.execute(TestNGXmlTestSuite.java:75)
at org.apache.maven.surefire.testng.TestNGProvider.invoke(TestNGProvider.java:119)
at org.apache.maven.surefire.booter.ForkedBooter.runSuitesInProcess(ForkedBooter.java:428)
at org.apache.maven.surefire.booter.ForkedBooter.execute(ForkedBooter.java:162)
at org.apache.maven.surefire.booter.ForkedBooter.run(ForkedBooter.java:562)
at org.apache.maven.surefire.booter.ForkedBooter.main(ForkedBooter.java:548)
]]>
            </full-stacktrace>
          </exception> <!-- java.lang.AssertionError -->
          <reporter-output>
          </reporter-output>
        </test-method> <!-- invokingRegistrationPage -->
        <test-method status="PASS" signature="aftertest()[pri:0, instance:E2EProjectCopy.CalendarAppCopy.regPageValidation@6fe7aac8]" name="aftertest" is-config="true" duration-ms="133" started-at="2021-04-09T11:15:53 EDT" finished-at="2021-04-09T11:15:53 EDT">
          <reporter-output>
          </reporter-output>
        </test-method> <!-- aftertest -->
      </class> <!-- E2EProjectCopy.CalendarAppCopy.regPageValidation -->
    </test> <!-- Test -->
  </suite> <!-- Suite -->
</testng-results>
